<?xml version="1.0" encoding="UTF-8"?>
<testng-results skipped="0" failed="2" ignored="0" total="6" passed="4">
  <reporter-output>
  </reporter-output>
  <suite name="Suite" duration-ms="767625" started-at="2021-07-02T17:48:08Z" finished-at="2021-07-02T18:00:55Z">
    <groups>
    </groups>
    <test name="Test" duration-ms="767625" started-at="2021-07-02T17:48:08Z" finished-at="2021-07-02T18:00:55Z">
      <class name="com.amazon.qa.testcases.ProductTest">
        <test-method status="PASS" signature="setUp()[pri:0, instance:com.amazon.qa.testcases.ProductTest@15bfd87]" name="setUp" is-config="true" duration-ms="147947" started-at="2021-07-02T10:48:08Z" finished-at="2021-07-02T10:50:35Z">
          <reporter-output>
          </reporter-output>
        </test-method> <!-- setUp -->
        <test-method status="PASS" signature="validateTitle()[pri:0, instance:com.amazon.qa.testcases.ProductTest@15bfd87]" name="validateTitle" duration-ms="48257" started-at="2021-07-02T10:50:35Z" finished-at="2021-07-02T10:51:24Z">
          <reporter-output>
          </reporter-output>
        </test-method> <!-- validateTitle -->
        <test-method status="PASS" signature="quit()[pri:0, instance:com.amazon.qa.testcases.ProductTest@15bfd87]" name="quit" is-config="true" duration-ms="2188" started-at="2021-07-02T10:51:28Z" finished-at="2021-07-02T10:51:30Z">
          <reporter-output>
          </reporter-output>
        </test-method> <!-- quit -->
        <test-method status="PASS" signature="setUp()[pri:0, instance:com.amazon.qa.testcases.ProductTest@15bfd87]" name="setUp" is-config="true" duration-ms="79703" started-at="2021-07-02T10:54:17Z" finished-at="2021-07-02T10:55:37Z">
          <reporter-output>
          </reporter-output>
        </test-method> <!-- setUp -->
        <test-method status="PASS" signature="proceedPayment()[pri:1, instance:com.amazon.qa.testcases.ProductTest@15bfd87]" name="proceedPayment" duration-ms="55152" started-at="2021-07-02T10:55:37Z" finished-at="2021-07-02T10:56:32Z">
          <reporter-output>
          </reporter-output>
        </test-method> <!-- proceedPayment -->
        <test-method status="PASS" signature="quit()[pri:0, instance:com.amazon.qa.testcases.ProductTest@15bfd87]" name="quit" is-config="true" duration-ms="2864" started-at="2021-07-02T10:56:33Z" finished-at="2021-07-02T10:56:35Z">
          <reporter-output>
          </reporter-output>
        </test-method> <!-- quit -->
      </class> <!-- com.amazon.qa.testcases.ProductTest -->
      <class name="com.amazon.qa.testcases.HomePageTest">
        <test-method status="PASS" signature="setUp()[pri:0, instance:com.amazon.qa.testcases.HomePageTest@57f23557]" name="setUp" is-config="true" duration-ms="44816" started-at="2021-07-02T10:52:09Z" finished-at="2021-07-02T10:52:54Z">
          <reporter-output>
          </reporter-output>
        </test-method> <!-- setUp -->
        <test-method status="PASS" signature="searchItem()[pri:0, instance:com.amazon.qa.testcases.HomePageTest@57f23557]" name="searchItem" duration-ms="30516" started-at="2021-07-02T10:52:54Z" finished-at="2021-07-02T10:53:25Z">
          <reporter-output>
          </reporter-output>
        </test-method> <!-- searchItem -->
        <test-method status="PASS" signature="quit()[pri:0, instance:com.amazon.qa.testcases.HomePageTest@57f23557]" name="quit" is-config="true" duration-ms="2285" started-at="2021-07-02T10:54:15Z" finished-at="2021-07-02T10:54:17Z">
          <reporter-output>
          </reporter-output>
        </test-method> <!-- quit -->
        <test-method status="PASS" signature="setUp()[pri:0, instance:com.amazon.qa.testcases.HomePageTest@57f23557]" name="setUp" is-config="true" duration-ms="43896" started-at="2021-07-02T10:57:36Z" finished-at="2021-07-02T10:58:20Z">
          <reporter-output>
          </reporter-output>
        </test-method> <!-- setUp -->
        <test-method status="FAIL" signature="validatePrice()[pri:1, instance:com.amazon.qa.testcases.HomePageTest@57f23557]" name="validatePrice" duration-ms="153217" started-at="2021-07-02T10:58:20Z" finished-at="2021-07-02T11:00:53Z">
          <exception class="org.openqa.selenium.NoSuchElementException">
            <message>
              <![CDATA[Cannot locate an element using xpath=//span[@class="a-price-whole"]
For documentation on this error, please visit: https://www.seleniumhq.org/exceptions/no_such_element.html
Build info: version: '3.141.59', revision: 'e82be7d358', time: '2018-11-14T08:17:03'
System info: host: 'DESKTOP-APBTOIM', ip: '192.168.18.99', os.name: 'Windows 10', os.arch: 'amd64', os.version: '10.0', java.version: '1.8.0_291'
Driver info: driver.version: RemoteWebDriver]]>
            </message>
            <full-stacktrace>
              <![CDATA[org.openqa.selenium.NoSuchElementException: Cannot locate an element using xpath=//span[@class="a-price-whole"]
For documentation on this error, please visit: https://www.seleniumhq.org/exceptions/no_such_element.html
Build info: version: '3.141.59', revision: 'e82be7d358', time: '2018-11-14T08:17:03'
System info: host: 'DESKTOP-APBTOIM', ip: '192.168.18.99', os.name: 'Windows 10', os.arch: 'amd64', os.version: '10.0', java.version: '1.8.0_291'
Driver info: driver.version: RemoteWebDriver
	at org.openqa.selenium.remote.RemoteWebDriver.findElement(RemoteWebDriver.java:327)
	at org.openqa.selenium.remote.RemoteWebDriver.findElementByXPath(RemoteWebDriver.java:428)
	at org.openqa.selenium.By$ByXPath.findElement(By.java:353)
	at org.openqa.selenium.remote.RemoteWebDriver.findElement(RemoteWebDriver.java:315)
	at org.openqa.selenium.support.pagefactory.DefaultElementLocator.findElement(DefaultElementLocator.java:69)
	at org.openqa.selenium.support.pagefactory.internal.LocatingElementHandler.invoke(LocatingElementHandler.java:38)
	at com.sun.proxy.$Proxy9.getText(Unknown Source)
	at com.amazon.qa.pages.HomePage.validatePrice(HomePage.java:30)
	at com.amazon.qa.testcases.HomePageTest.validatePrice(HomePageTest.java:41)
	at sun.reflect.NativeMethodAccessorImpl.invoke0(Native Method)
	at sun.reflect.NativeMethodAccessorImpl.invoke(NativeMethodAccessorImpl.java:62)
	at sun.reflect.DelegatingMethodAccessorImpl.invoke(DelegatingMethodAccessorImpl.java:43)
	at java.lang.reflect.Method.invoke(Method.java:498)
	at org.testng.internal.MethodInvocationHelper.invokeMethod(MethodInvocationHelper.java:108)
	at org.testng.internal.Invoker.invokeMethod(Invoker.java:661)
	at org.testng.internal.Invoker.invokeTestMethod(Invoker.java:869)
	at org.testng.internal.Invoker.invokeTestMethods(Invoker.java:1193)
	at org.testng.internal.TestMethodWorker.invokeTestMethods(TestMethodWorker.java:126)
	at org.testng.internal.TestMethodWorker.run(TestMethodWorker.java:109)
	at org.testng.TestRunner.privateRun(TestRunner.java:744)
	at org.testng.TestRunner.run(TestRunner.java:602)
	at org.testng.SuiteRunner.runTest(SuiteRunner.java:380)
	at org.testng.SuiteRunner.access$000(SuiteRunner.java:39)
	at org.testng.SuiteRunner$SuiteWorker.run(SuiteRunner.java:414)
	at org.testng.internal.thread.ThreadUtil$1.call(ThreadUtil.java:52)
	at java.util.concurrent.FutureTask.run(FutureTask.java:266)
	at java.util.concurrent.ThreadPoolExecutor.runWorker(ThreadPoolExecutor.java:1149)
	at java.util.concurrent.ThreadPoolExecutor$Worker.run(ThreadPoolExecutor.java:624)
	at java.lang.Thread.run(Thread.java:748)
]]>
            </full-stacktrace>
          </exception> <!-- org.openqa.selenium.NoSuchElementException -->
          <reporter-output>
          </reporter-output>
        </test-method> <!-- validatePrice -->
        <test-method status="PASS" signature="quit()[pri:0, instance:com.amazon.qa.testcases.HomePageTest@57f23557]" name="quit" is-config="true" duration-ms="1367" started-at="2021-07-02T11:00:54Z" finished-at="2021-07-02T11:00:55Z">
          <reporter-output>
          </reporter-output>
        </test-method> <!-- quit -->
      </class> <!-- com.amazon.qa.testcases.HomePageTest -->
      <class name="com.amazon.qa.testcases.AmazonLoginTest">
        <test-method status="PASS" signature="setUp()[pri:0, instance:com.amazon.qa.testcases.AmazonLoginTest@543e710e]" name="setUp" is-config="true" duration-ms="36216" started-at="2021-07-02T10:51:30Z" finished-at="2021-07-02T10:52:07Z">
          <reporter-output>
          </reporter-output>
        </test-method> <!-- setUp -->
        <test-method status="FAIL" signature="ValidateTitle()[pri:0, instance:com.amazon.qa.testcases.AmazonLoginTest@543e710e]" name="ValidateTitle" duration-ms="88" started-at="2021-07-02T10:52:07Z" finished-at="2021-07-02T10:52:07Z">
          <exception class="java.lang.AssertionError">
            <message>
              <![CDATA[expected [] but found [Online Shopping site in India: Shop Online for Mobiles, Books, Watches, Shoes and More - Amazon.in]]]>
            </message>
            <full-stacktrace>
              <![CDATA[java.lang.AssertionError: expected [] but found [Online Shopping site in India: Shop Online for Mobiles, Books, Watches, Shoes and More - Amazon.in]
	at org.testng.Assert.fail(Assert.java:93)
	at org.testng.Assert.failNotEquals(Assert.java:512)
	at org.testng.Assert.assertEqualsImpl(Assert.java:134)
	at org.testng.Assert.assertEquals(Assert.java:115)
	at org.testng.Assert.assertEquals(Assert.java:189)
	at org.testng.Assert.assertEquals(Assert.java:199)
	at com.amazon.qa.testcases.AmazonLoginTest.ValidateTitle(AmazonLoginTest.java:29)
	at sun.reflect.NativeMethodAccessorImpl.invoke0(Native Method)
	at sun.reflect.NativeMethodAccessorImpl.invoke(NativeMethodAccessorImpl.java:62)
	at sun.reflect.DelegatingMethodAccessorImpl.invoke(DelegatingMethodAccessorImpl.java:43)
	at java.lang.reflect.Method.invoke(Method.java:498)
	at org.testng.internal.MethodInvocationHelper.invokeMethod(MethodInvocationHelper.java:108)
	at org.testng.internal.Invoker.invokeMethod(Invoker.java:661)
	at org.testng.internal.Invoker.invokeTestMethod(Invoker.java:869)
	at org.testng.internal.Invoker.invokeTestMethods(Invoker.java:1193)
	at org.testng.internal.TestMethodWorker.invokeTestMethods(TestMethodWorker.java:126)
	at org.testng.internal.TestMethodWorker.run(TestMethodWorker.java:109)
	at org.testng.TestRunner.privateRun(TestRunner.java:744)
	at org.testng.TestRunner.run(TestRunner.java:602)
	at org.testng.SuiteRunner.runTest(SuiteRunner.java:380)
	at org.testng.SuiteRunner.access$000(SuiteRunner.java:39)
	at org.testng.SuiteRunner$SuiteWorker.run(SuiteRunner.java:414)
	at org.testng.internal.thread.ThreadUtil$1.call(ThreadUtil.java:52)
	at java.util.concurrent.FutureTask.run(FutureTask.java:266)
	at java.util.concurrent.ThreadPoolExecutor.runWorker(ThreadPoolExecutor.java:1149)
	at java.util.concurrent.ThreadPoolExecutor$Worker.run(ThreadPoolExecutor.java:624)
	at java.lang.Thread.run(Thread.java:748)
]]>
            </full-stacktrace>
          </exception> <!-- java.lang.AssertionError -->
          <reporter-output>
          </reporter-output>
        </test-method> <!-- ValidateTitle -->
        <test-method status="PASS" signature="quit()[pri:0, instance:com.amazon.qa.testcases.AmazonLoginTest@543e710e]" name="quit" is-config="true" duration-ms="1298" started-at="2021-07-02T10:52:08Z" finished-at="2021-07-02T10:52:09Z">
          <reporter-output>
          </reporter-output>
        </test-method> <!-- quit -->
        <test-method status="PASS" signature="setUp()[pri:0, instance:com.amazon.qa.testcases.AmazonLoginTest@543e710e]" name="setUp" is-config="true" duration-ms="39004" started-at="2021-07-02T10:56:35Z" finished-at="2021-07-02T10:57:14Z">
          <reporter-output>
          </reporter-output>
        </test-method> <!-- setUp -->
        <test-method status="PASS" signature="Login()[pri:1, instance:com.amazon.qa.testcases.AmazonLoginTest@543e710e]" name="Login" duration-ms="7895" started-at="2021-07-02T10:57:14Z" finished-at="2021-07-02T10:57:22Z">
          <reporter-output>
          </reporter-output>
        </test-method> <!-- Login -->
        <test-method status="PASS" signature="quit()[pri:0, instance:com.amazon.qa.testcases.AmazonLoginTest@543e710e]" name="quit" is-config="true" duration-ms="2932" started-at="2021-07-02T10:57:33Z" finished-at="2021-07-02T10:57:36Z">
          <reporter-output>
          </reporter-output>
        </test-method> <!-- quit -->
      </class> <!-- com.amazon.qa.testcases.AmazonLoginTest -->
    </test> <!-- Test -->
  </suite> <!-- Suite -->
</testng-results>
